<?xml version="1.0" encoding="UTF-8"?>
<testng-results ignored="0" total="1" passed="1" failed="0" skipped="0">
  <reporter-output>
  </reporter-output>
  <suite started-at="2026-09-19T14:32:10 IST" name="Default suite" finished-at="2026-09-19T14:32:20 IST" duration-ms="9520">
    <groups>
    </groups>
    <test started-at="2026-09-19T14:32:10 IST" name="Default test" finished-at="2026-09-19T14:32:20 IST" duration-ms="9520">
      <class name="com.qa.tests.AppiumEmulatorTest">
        <test-method is-config="true" signature="AppiumSetUp()[pri:0, instance:com.qa.tests.AppiumEmulatorTest@13b6aecc]" started-at="2026-09-19T14:32:10 IST" name="AppiumSetUp" finished-at="2026-09-19T14:32:13 IST" duration-ms="3098" status="PASS">
          <reporter-output>
          </reporter-output>
        </test-method> <!-- AppiumSetUp -->
        <test-method signature="MyFirstTest_Appium()[pri:0, instance:com.qa.tests.AppiumEmulatorTest@13b6aecc]" started-at="2026-09-19T14:32:13 IST" name="MyFirstTest_Appium" finished-at="2026-09-19T14:32:20 IST" duration-ms="6352" status="PASS">
          <reporter-output>
          </reporter-output>
        </test-method> <!-- MyFirstTest_Appium -->
      </class> <!-- com.qa.tests.AppiumEmulatorTest -->
    </test> <!-- Default test -->
  </suite> <!-- Default suite -->
</testng-results>
